<?xml version="1.0" encoding="UTF-8"?>
<testng-results ignored="0" total="2" passed="2" failed="0" skipped="0">
  <reporter-output>
  </reporter-output>
  <suite started-at="2022-01-04T11:18:07 CST" name="Default Suite" finished-at="2022-01-04T11:18:07 CST" duration-ms="87">
    <groups>
    </groups>
    <test started-at="2022-01-04T11:18:07 CST" name="HelloWorld" finished-at="2022-01-04T11:18:07 CST" duration-ms="87">
      <class name="TestNG.TestSampleClass">
        <test-method is-config="true" signature="initStringsAndObjects()[pri:0, instance:TestNG.TestSampleClass@1c72da34]" started-at="2022-01-04T11:18:07 CST" name="initStringsAndObjects" finished-at="2022-01-04T11:18:07 CST" duration-ms="15" status="PASS">
          <reporter-output>
          </reporter-output>
        </test-method> <!-- initStringsAndObjects -->
        <test-method signature="testMergeStrings()[pri:1, instance:TestNG.TestSampleClass@1c72da34]" started-at="2022-01-04T11:18:07 CST" name="testMergeStrings" finished-at="2022-01-04T11:18:07 CST" duration-ms="12" status="PASS">
          <reporter-output>
          </reporter-output>
        </test-method> <!-- testMergeStrings -->
        <test-method signature="testMergeStringsWithDash()[pri:2, instance:TestNG.TestSampleClass@1c72da34]" started-at="2022-01-04T11:18:07 CST" name="testMergeStringsWithDash" finished-at="2022-01-04T11:18:07 CST" duration-ms="0" status="PASS">
          <reporter-output>
          </reporter-output>
        </test-method> <!-- testMergeStringsWithDash -->
        <test-method is-config="true" signature="cleanup()[pri:0, instance:TestNG.TestSampleClass@1c72da34]" started-at="2022-01-04T11:18:07 CST" name="cleanup" finished-at="2022-01-04T11:18:07 CST" duration-ms="0" status="PASS">
          <reporter-output>
          </reporter-output>
        </test-method> <!-- cleanup -->
      </class> <!-- TestNG.TestSampleClass -->
    </test> <!-- HelloWorld -->
  </suite> <!-- Default Suite -->
</testng-results>
